c:\users\василий\documents\дз вышка\1 курс\1 практика\ninjas\ninjas\interface\x64\debug\interface.pch
c:\users\василий\documents\дз вышка\1 курс\1 практика\ninjas\ninjas\interface\x64\debug\vc141.pdb
c:\users\василий\documents\дз вышка\1 курс\1 практика\ninjas\ninjas\interface\x64\debug\vc141.idb
c:\users\василий\documents\дз вышка\1 курс\1 практика\ninjas\ninjas\interface\x64\debug\stdafx.obj
c:\users\василий\documents\дз вышка\1 курс\1 практика\ninjas\ninjas\interface\x64\debug\projectile.obj
c:\users\василий\documents\дз вышка\1 курс\1 практика\ninjas\ninjas\interface\x64\debug\interface.obj
c:\users\василий\documents\дз вышка\1 курс\1 практика\ninjas\ninjas\interface\x64\debug\interpreter.obj
c:\users\василий\documents\дз вышка\1 курс\1 практика\ninjas\ninjas\interface\x64\debug\character.obj
c:\users\василий\documents\дз вышка\1 курс\1 практика\ninjas\ninjas\interface\x64\debug\point.obj
c:\users\василий\documents\дз вышка\1 курс\1 практика\ninjas\ninjas\x64\debug\interface.exe
c:\users\василий\documents\дз вышка\1 курс\1 практика\ninjas\ninjas\x64\debug\interface.ilk
c:\users\василий\documents\дз вышка\1 курс\1 практика\ninjas\ninjas\x64\debug\interface.pdb
c:\users\василий\documents\дз вышка\1 курс\1 практика\ninjas\ninjas\interface\x64\debug\interface.res
c:\users\василий\documents\дз вышка\1 курс\1 практика\ninjas\ninjas\interface\x64\debug\character.obj.enc
c:\users\василий\documents\дз вышка\1 курс\1 практика\ninjas\ninjas\interface\x64\debug\interface.tlog\cl.command.1.tlog
c:\users\василий\documents\дз вышка\1 курс\1 практика\ninjas\ninjas\interface\x64\debug\interface.tlog\cl.read.1.tlog
c:\users\василий\documents\дз вышка\1 курс\1 практика\ninjas\ninjas\interface\x64\debug\interface.tlog\cl.write.1.tlog
c:\users\василий\documents\дз вышка\1 курс\1 практика\ninjas\ninjas\interface\x64\debug\interface.tlog\link.command.1.tlog
c:\users\василий\documents\дз вышка\1 курс\1 практика\ninjas\ninjas\interface\x64\debug\interface.tlog\link.read.1.tlog
c:\users\василий\documents\дз вышка\1 курс\1 практика\ninjas\ninjas\interface\x64\debug\interface.tlog\link.write.1.tlog
c:\users\василий\documents\дз вышка\1 курс\1 практика\ninjas\ninjas\interface\x64\debug\interface.tlog\rc.command.1.tlog
c:\users\василий\documents\дз вышка\1 курс\1 практика\ninjas\ninjas\interface\x64\debug\interface.tlog\rc.read.1.tlog
c:\users\василий\documents\дз вышка\1 курс\1 практика\ninjas\ninjas\interface\x64\debug\interface.tlog\rc.write.1.tlog
