  Character.cpp
D:\Coding\C#\Inter\Ninjas\Ninjas\Interface\Character.cpp(46): warning C4244: аргумент: преобразование "double" в "int", возможна потеря данных
D:\Coding\C#\Inter\Ninjas\Ninjas\Interface\Character.cpp(48): warning C4244: аргумент: преобразование "double" в "int", возможна потеря данных
D:\Coding\C#\Inter\Ninjas\Ninjas\Interface\Character.cpp(47): warning C4244: аргумент: преобразование "double" в "int", возможна потеря данных
D:\Coding\C#\Inter\Ninjas\Ninjas\Interface\Character.cpp(49): warning C4244: аргумент: преобразование "double" в "int", возможна потеря данных
D:\Coding\C#\Inter\Ninjas\Ninjas\Interface\Character.cpp(57): warning C4244: аргумент: преобразование "double" в "int", возможна потеря данных
D:\Coding\C#\Inter\Ninjas\Ninjas\Interface\Character.cpp(56): warning C4244: аргумент: преобразование "double" в "int", возможна потеря данных
D:\Coding\C#\Inter\Ninjas\Ninjas\Interface\Character.cpp(55): warning C4244: аргумент: преобразование "double" в "int", возможна потеря данных
D:\Coding\C#\Inter\Ninjas\Ninjas\Interface\Character.cpp(54): warning C4244: аргумент: преобразование "double" в "int", возможна потеря данных
D:\Coding\C#\Inter\Ninjas\Ninjas\Interface\Character.cpp(61): warning C4244: аргумент: преобразование "double" в "int", возможна потеря данных
D:\Coding\C#\Inter\Ninjas\Ninjas\Interface\Character.cpp(60): warning C4244: аргумент: преобразование "double" в "int", возможна потеря данных
D:\Coding\C#\Inter\Ninjas\Ninjas\Interface\Character.cpp(59): warning C4244: аргумент: преобразование "double" в "int", возможна потеря данных
D:\Coding\C#\Inter\Ninjas\Ninjas\Interface\Character.cpp(58): warning C4244: аргумент: преобразование "double" в "int", возможна потеря данных
D:\Coding\C#\Inter\Ninjas\Ninjas\Interface\Character.cpp(112): warning C4244: =: преобразование "double" в "LONG", возможна потеря данных
D:\Coding\C#\Inter\Ninjas\Ninjas\Interface\Character.cpp(113): warning C4244: =: преобразование "double" в "LONG", возможна потеря данных
D:\Coding\C#\Inter\Ninjas\Ninjas\Interface\Character.cpp(114): warning C4244: =: преобразование "double" в "LONG", возможна потеря данных
D:\Coding\C#\Inter\Ninjas\Ninjas\Interface\Character.cpp(115): warning C4244: =: преобразование "double" в "LONG", возможна потеря данных
  Interface.cpp
  Создание кода...
  LINK : не найден или не выполнена сборка D:\Coding\C#\Inter\Ninjas\Ninjas\x64\Debug\Interface.exe при последней инкрементной компоновке; выполняется полная компоновка
Interface.obj : error LNK2019: ссылка на неразрешенный внешний символ "public: void __cdecl Interpreter::SendUpdate(void)" (?SendUpdate@Interpreter@@QEAAXXZ) в функции "__int64 __cdecl WndProc(struct HWND__ *,unsigned int,unsigned __int64,__int64)" (?WndProc@@YA_JPEAUHWND__@@I_K_J@Z)
Interface.obj : error LNK2019: ссылка на неразрешенный внешний символ "public: void __cdecl Interpreter::RunMeth(int)" (?RunMeth@Interpreter@@QEAAXH@Z) в функции "__int64 __cdecl WndProc(struct HWND__ *,unsigned int,unsigned __int64,__int64)" (?WndProc@@YA_JPEAUHWND__@@I_K_J@Z)
D:\Coding\C#\Inter\Ninjas\Ninjas\x64\Debug\Interface.exe : fatal error LNK1120: неразрешенных внешних элементов: 2
